<?xml version="1.0" encoding="UTF-8"?>
<testng-results ignored="0" total="1" passed="1" failed="0" skipped="0">
  <reporter-output>
  </reporter-output>
  <suite started-at="2023-01-04T12:40:53 EET" name="Default suite" finished-at="2023-01-04T12:41:03 EET" duration-ms="10628">
    <groups>
    </groups>
    <test started-at="2023-01-04T12:40:53 EET" name="Default test" finished-at="2023-01-04T12:41:03 EET" duration-ms="10628">
      <class name="CustomerLogin">
        <test-method is-config="true" signature="pre_test()[pri:0, instance:CustomerLogin@44ebcd03]" started-at="2023-01-04T12:40:53 EET" name="pre_test" finished-at="2023-01-04T12:40:56 EET" duration-ms="3312" status="PASS">
          <reporter-output>
          </reporter-output>
        </test-method> <!-- pre_test -->
        <test-method signature="customer_login_harry_potter()[pri:0, instance:CustomerLogin@44ebcd03]" started-at="2023-01-04T12:40:56 EET" name="customer_login_harry_potter" finished-at="2023-01-04T12:41:03 EET" duration-ms="7283" status="PASS">
          <reporter-output>
          </reporter-output>
        </test-method> <!-- customer_login_harry_potter -->
      </class> <!-- CustomerLogin -->
    </test> <!-- Default test -->
  </suite> <!-- Default suite -->
</testng-results>
